  FileName.cpp
C:\Users\Cju\Documents\GitHub\2025-\Project8\Project8\FileName.cpp(7,5): error C2065: 'string': 선언되지 않은 식별자입니다.
C:\Users\Cju\Documents\GitHub\2025-\Project8\Project8\FileName.cpp(7,12): error C2146: 구문 오류: ';'이(가) 'input' 식별자 앞에 없습니다.
C:\Users\Cju\Documents\GitHub\2025-\Project8\Project8\FileName.cpp(7,12): error C2065: 'input': 선언되지 않은 식별자입니다.
C:\Users\Cju\Documents\GitHub\2025-\Project8\Project8\FileName.cpp(8,5): error C2065: 'cout': 선언되지 않은 식별자입니다.
C:\Users\Cju\Documents\GitHub\2025-\Project8\Project8\FileName.cpp(9,5): error C2065: 'cin': 선언되지 않은 식별자입니다.
C:\Users\Cju\Documents\GitHub\2025-\Project8\Project8\FileName.cpp(9,12): error C2065: 'input': 선언되지 않은 식별자입니다.
C:\Users\Cju\Documents\GitHub\2025-\Project8\Project8\FileName.cpp(11,9): error C2065: 'input': 선언되지 않은 식별자입니다.
C:\Users\Cju\Documents\GitHub\2025-\Project8\Project8\FileName.cpp(11,27): error C2065: 'input': 선언되지 않은 식별자입니다.
C:\Users\Cju\Documents\GitHub\2025-\Project8\Project8\FileName.cpp(13,13): error C2065: 'cout': 선언되지 않은 식별자입니다.
C:\Users\Cju\Documents\GitHub\2025-\Project8\Project8\FileName.cpp(13,47): error C2065: 'endl': 선언되지 않은 식별자입니다.
C:\Users\Cju\Documents\GitHub\2025-\Project8\Project8\FileName.cpp(15,17): error C2065: 'cout': 선언되지 않은 식별자입니다.
C:\Users\Cju\Documents\GitHub\2025-\Project8\Project8\FileName.cpp(15,66): error C2065: 'endl': 선언되지 않은 식별자입니다.
C:\Users\Cju\Documents\GitHub\2025-\Project8\Project8\FileName.cpp(21,28): error C2065: 'input': 선언되지 않은 식별자입니다.
C:\Users\Cju\Documents\GitHub\2025-\Project8\Project8\FileName.cpp(21,23): error C3861: 'stoi': 식별자를 찾을 수 없습니다.
C:\Users\Cju\Documents\GitHub\2025-\Project8\Project8\FileName.cpp(23,17): error C2065: 'cout': 선언되지 않은 식별자입니다.
C:\Users\Cju\Documents\GitHub\2025-\Project8\Project8\FileName.cpp(23,51): error C2065: 'endl': 선언되지 않은 식별자입니다.
C:\Users\Cju\Documents\GitHub\2025-\Project8\Project8\FileName.cpp(25,21): error C2065: 'cout': 선언되지 않은 식별자입니다.
C:\Users\Cju\Documents\GitHub\2025-\Project8\Project8\FileName.cpp(25,70): error C2065: 'endl': 선언되지 않은 식별자입니다.
C:\Users\Cju\Documents\GitHub\2025-\Project8\Project8\FileName.cpp(29,17): error C2065: 'cout': 선언되지 않은 식별자입니다.
C:\Users\Cju\Documents\GitHub\2025-\Project8\Project8\FileName.cpp(29,25): warning C4566: 유니버설 문자 이름 '\u26A0'(으)로 표현되는 문자는 현재 코드 페이지(949)에서 표현할 수 없습니다.
C:\Users\Cju\Documents\GitHub\2025-\Project8\Project8\FileName.cpp(29,25): warning C4566: 유니버설 문자 이름 '\uFE0F'(으)로 표현되는 문자는 현재 코드 페이지(949)에서 표현할 수 없습니다.
C:\Users\Cju\Documents\GitHub\2025-\Project8\Project8\FileName.cpp(29,84): error C2065: 'endl': 선언되지 않은 식별자입니다.
C:\Users\Cju\Documents\GitHub\2025-\Project8\Project8\FileName.cpp(33,13): error C2065: 'cout': 선언되지 않은 식별자입니다.
C:\Users\Cju\Documents\GitHub\2025-\Project8\Project8\FileName.cpp(33,21): warning C4566: 유니버설 문자 이름 '\u26A0'(으)로 표현되는 문자는 현재 코드 페이지(949)에서 표현할 수 없습니다.
C:\Users\Cju\Documents\GitHub\2025-\Project8\Project8\FileName.cpp(33,21): warning C4566: 유니버설 문자 이름 '\uFE0F'(으)로 표현되는 문자는 현재 코드 페이지(949)에서 표현할 수 없습니다.
C:\Users\Cju\Documents\GitHub\2025-\Project8\Project8\FileName.cpp(33,78): error C2065: 'endl': 선언되지 않은 식별자입니다.
